<?xml version="1.0" encoding="UTF-8"?>
<!-- Generated by org.testng.reporters.JUnitReportReporter -->
<testsuite hostname="DESKTOP-33U6AKO" failures="0" tests="1" name="testCases.TC001_Login" time="6.126" errors="0" timestamp="2025-07-25T11:29:55 IST" skipped="0">
  <testcase classname="testCases.TC001_Login" name="verifyLogin" time="6.126"/>
</testsuite> <!-- testCases.TC001_Login -->
