<?xml version="1.0" encoding="UTF-8"?>
<!-- Generated by org.testng.reporters.JUnitReportReporter -->
<testsuite hostname="DESKTOP-33U6AKO" failures="0" tests="1" name="testCases.TC003_LoginDDT" time="4.047" errors="0" timestamp="2025-07-20T14:22:40 IST" skipped="0">
  <testcase classname="testCases.TC003_LoginDDT" name="Login_DDT" time="4.047"/>
</testsuite> <!-- testCases.TC003_LoginDDT -->
