<?xml version="1.0" encoding="UTF-8"?>
<!-- Generated by org.testng.reporters.JUnitReportReporter -->
<testsuite hostname="DESKTOP-33U6AKO" failures="0" tests="4" name="testCases.TC001_Login" time="76.821" errors="0" timestamp="2025-07-19T21:54:32 IST" skipped="0">
  <testcase classname="testCases.TC001_Login" name="verifyLogin" time="23.105"/>
  <testcase classname="testCases.TC001_Login" name="verifyLogin" time="26.831"/>
  <testcase classname="testCases.TC001_Login" name="verifyLogin" time="22.564"/>
  <testcase classname="testCases.TC001_Login" name="verifyLogin" time="4.321"/>
</testsuite> <!-- testCases.TC001_Login -->
