<?xml version="1.0" encoding="UTF-8"?>
<!-- Generated by org.testng.reporters.JUnitReportReporter -->
<testsuite hostname="DESKTOP-33U6AKO" failures="0" tests="2" name="testCases.TC002_CreateTruck" time="15.706" errors="0" timestamp="2025-07-20T09:12:35 IST" skipped="0">
  <testcase classname="testCases.TC002_CreateTruck" name="verifyLogin" time="6.304"/>
  <testcase classname="testCases.TC002_CreateTruck" name="create_Truck" time="9.402"/>
</testsuite> <!-- testCases.TC002_CreateTruck -->
